<?xml version="1.0" encoding="UTF-8"?>
<!-- Generated by org.testng.reporters.JUnitXMLReporter -->
<testsuite hostname="sneha-PC" ignored="0" name="Command line test" tests="10" failures="0" timestamp="21 Jun 2018 21:37:00 GMT" time="163.826" errors="0">
  <testcase name="CreateAccTest" time="1.404" classname="amazon.qa.testcases.CreateAccountPageTest"/>
  <testcase name="CreateAccTest" time="1.395" classname="amazon.qa.testcases.CreateAccountPageTest"/>
  <testcase name="CreateAccTest" time="1.304" classname="amazon.qa.testcases.CreateAccountPageTest"/>
  <testcase name="emailTest" time="0.828" classname="amazon.qa.testcases.EmailSignInPageTest"/>
  <testcase name="AmazonLogoTest" time="2.43" classname="amazon.qa.testcases.HomePageTest"/>
  <testcase name="pwdTest" time="4.749" classname="amazon.qa.testcases.PwdSignInPageTest"/>
  <testcase name="UserAccntTest" time="0.073" classname="amazon.qa.testcases.UserAccountPageTest"/>
  <testcase name="createAccountPageTest" time="0.384" classname="amazon.qa.testcases.EmailSignInPageTest"/>
  <testcase name="SigninTest" time="3.46" classname="amazon.qa.testcases.HomePageTest"/>
  <testcase name="GiftCardsTest" time="2.096" classname="amazon.qa.testcases.HomePageTest"/>
</testsuite> <!-- Command line test -->
