<?xml version="1.0" encoding="UTF-8"?>
<!-- Generated by org.testng.reporters.JUnitXMLReporter -->
<testsuite hostname="sneha-PC" ignored="0" name="Amazon application Testcases" tests="7" failures="0" timestamp="21 Jun 2018 19:07:58 GMT" time="110.469" errors="0">
  <testcase name="AmazonLogoTest" time="0.204" classname="amazon.qa.testcases.HomePageTest"/>
  <testcase name="emailTest" time="0.708" classname="amazon.qa.testcases.EmailSignInPageTest"/>
  <testcase name="pwdTest" time="4.885" classname="amazon.qa.testcases.PwdSignInPageTest"/>
  <testcase name="UserAccntTest" time="0.059" classname="amazon.qa.testcases.UserAccountPageTest"/>
  <testcase name="SigninTest" time="1.006" classname="amazon.qa.testcases.HomePageTest"/>
  <testcase name="createAccountPageTest" time="0.368" classname="amazon.qa.testcases.EmailSignInPageTest"/>
  <testcase name="GiftCardsTest" time="2.058" classname="amazon.qa.testcases.HomePageTest"/>
</testsuite> <!-- Amazon application Testcases -->
