<?xml version="1.0" encoding="UTF-8" ?>
<testsuite tests="10" failures="0" name="TestSuite" time="18.121" errors="0" skipped="0">
  <properties>
[...]
</properties>
  <testcase classname="amazon.qa.testcases.CreateAccountPageTest" name="CreateAccTest" time="1.405"/>
  <testcase classname="amazon.qa.testcases.CreateAccountPageTest" name="CreateAccTest" time="1.395"/>
  <testcase classname="amazon.qa.testcases.CreateAccountPageTest" name="CreateAccTest" time="1.302"/>
  <testcase classname="amazon.qa.testcases.EmailSignInPageTest" name="emailTest" time="0.827"/>
  <testcase classname="amazon.qa.testcases.HomePageTest" name="AmazonLogoTest" time="2.43"/>
  <testcase classname="amazon.qa.testcases.PwdSignInPageTest" name="pwdTest" time="4.749"/>
  <testcase classname="amazon.qa.testcases.UserAccountPageTest" name="UserAccntTest" time="0.073"/>
  <testcase classname="amazon.qa.testcases.EmailSignInPageTest" name="createAccountPageTest" time="0.384"/>
  <testcase classname="amazon.qa.testcases.HomePageTest" name="SigninTest" time="3.46"/>
  <testcase classname="amazon.qa.testcases.HomePageTest" name="GiftCardsTest" time="2.096"/>
</testsuite>